[1012/121455.260:INFO:CONSOLE(21172)] "THREE.WebGLRenderer 92", source: file:///C:/Program%20Files/AnyLogic%208.9%20Personal%20Learning%20Edition/plugins/com.anylogic.graphics3d_8.9.1.202408021042/static/build/three.js (21172)
[1012/121456.051:INFO:CONSOLE(3660)] "THREE.ColladaLoader: File version 1.4.0", source: file:///C:/Program%20Files/AnyLogic%208.9%20Personal%20Learning%20Edition/plugins/com.anylogic.graphics3d_8.9.1.202408021042/static/libs/ColladaLoader.js (3660)
[1012/121456.082:INFO:CONSOLE(255)] "Loaded: file:C:/Users/3BE3DA/studies/7_sem/IMKSP/prak_6/Airport/3d/table.dae", source: file:///C:/Program%20Files/AnyLogic%208.9%20Personal%20Learning%20Edition/plugins/com.anylogic.graphics3d_8.9.1.202408021042/static/init.js (255)
[1012/121456.099:INFO:CONSOLE(271)] "load end: file:C:/Users/3BE3DA/studies/7_sem/IMKSP/prak_6/Airport/3d/table.dae", source: file:///C:/Program%20Files/AnyLogic%208.9%20Personal%20Learning%20Edition/plugins/com.anylogic.graphics3d_8.9.1.202408021042/static/init.js (271)
[1012/121456.254:INFO:CONSOLE(3660)] "THREE.ColladaLoader: File version 1.4.0", source: file:///C:/Program%20Files/AnyLogic%208.9%20Personal%20Learning%20Edition/plugins/com.anylogic.graphics3d_8.9.1.202408021042/static/libs/ColladaLoader.js (3660)
[1012/121456.254:INFO:CONSOLE(255)] "Loaded: file:C:/Users/3BE3DA/studies/7_sem/IMKSP/prak_6/Airport/3d/detector.dae", source: file:///C:/Program%20Files/AnyLogic%208.9%20Personal%20Learning%20Edition/plugins/com.anylogic.graphics3d_8.9.1.202408021042/static/init.js (255)
[1012/121456.254:INFO:CONSOLE(271)] "load end: file:C:/Users/3BE3DA/studies/7_sem/IMKSP/prak_6/Airport/3d/detector.dae", source: file:///C:/Program%20Files/AnyLogic%208.9%20Personal%20Learning%20Edition/plugins/com.anylogic.graphics3d_8.9.1.202408021042/static/init.js (271)
[1012/121456.286:INFO:CONSOLE(3660)] "THREE.ColladaLoader: File version 1.4.0", source: file:///C:/Program%20Files/AnyLogic%208.9%20Personal%20Learning%20Edition/plugins/com.anylogic.graphics3d_8.9.1.202408021042/static/libs/ColladaLoader.js (3660)
[1012/121456.286:INFO:CONSOLE(255)] "Loaded: file:C:/Users/3BE3DA/studies/7_sem/IMKSP/prak_6/Airport/3d/xray.dae", source: file:///C:/Program%20Files/AnyLogic%208.9%20Personal%20Learning%20Edition/plugins/com.anylogic.graphics3d_8.9.1.202408021042/static/init.js (255)
[1012/121456.286:INFO:CONSOLE(271)] "load end: file:C:/Users/3BE3DA/studies/7_sem/IMKSP/prak_6/Airport/3d/xray.dae", source: file:///C:/Program%20Files/AnyLogic%208.9%20Personal%20Learning%20Edition/plugins/com.anylogic.graphics3d_8.9.1.202408021042/static/init.js (271)
[1012/121456.342:INFO:CONSOLE(19709)] "THREE.WebGLRenderer: image is not power of two (400x400). Resized to 256x256 [object HTMLImageElement]", source: file:///C:/Program%20Files/AnyLogic%208.9%20Personal%20Learning%20Edition/plugins/com.anylogic.graphics3d_8.9.1.202408021042/static/build/three.js (19709)
[1012/121624.911:INFO:CONSOLE(3660)] "THREE.ColladaLoader: File version 1.4.0", source: file:///C:/Program%20Files/AnyLogic%208.9%20Personal%20Learning%20Edition/plugins/com.anylogic.graphics3d_8.9.1.202408021042/static/libs/ColladaLoader.js (3660)
[1012/121624.926:INFO:CONSOLE(255)] "Loaded: file:C:/Users/3BE3DA/studies/7_sem/IMKSP/prak_7/3d/locomotive.dae", source: file:///C:/Program%20Files/AnyLogic%208.9%20Personal%20Learning%20Edition/plugins/com.anylogic.graphics3d_8.9.1.202408021042/static/init.js (255)
[1012/121624.927:INFO:CONSOLE(271)] "load end: file:C:/Users/3BE3DA/studies/7_sem/IMKSP/prak_7/3d/locomotive.dae", source: file:///C:/Program%20Files/AnyLogic%208.9%20Personal%20Learning%20Edition/plugins/com.anylogic.graphics3d_8.9.1.202408021042/static/init.js (271)
[1012/121624.950:INFO:CONSOLE(19709)] "THREE.WebGLRenderer: image is not power of two (411x220). Resized to 256x128 [object HTMLImageElement]", source: file:///C:/Program%20Files/AnyLogic%208.9%20Personal%20Learning%20Edition/plugins/com.anylogic.graphics3d_8.9.1.202408021042/static/build/three.js (19709)
[1012/121625.011:INFO:CONSOLE(3660)] "THREE.ColladaLoader: File version 1.4.0", source: file:///C:/Program%20Files/AnyLogic%208.9%20Personal%20Learning%20Edition/plugins/com.anylogic.graphics3d_8.9.1.202408021042/static/libs/ColladaLoader.js (3660)
[1012/121625.019:INFO:CONSOLE(255)] "Loaded: file:C:/Users/3BE3DA/studies/7_sem/IMKSP/prak_7/3d/boxcar.dae", source: file:///C:/Program%20Files/AnyLogic%208.9%20Personal%20Learning%20Edition/plugins/com.anylogic.graphics3d_8.9.1.202408021042/static/init.js (255)
[1012/121625.020:INFO:CONSOLE(271)] "load end: file:C:/Users/3BE3DA/studies/7_sem/IMKSP/prak_7/3d/boxcar.dae", source: file:///C:/Program%20Files/AnyLogic%208.9%20Personal%20Learning%20Edition/plugins/com.anylogic.graphics3d_8.9.1.202408021042/static/init.js (271)
[1012/121625.033:INFO:CONSOLE(19709)] "THREE.WebGLRenderer: image is not power of two (424x131). Resized to 256x128 [object HTMLImageElement]", source: file:///C:/Program%20Files/AnyLogic%208.9%20Personal%20Learning%20Edition/plugins/com.anylogic.graphics3d_8.9.1.202408021042/static/build/three.js (19709)
[1012/121625.077:INFO:CONSOLE(3660)] "THREE.ColladaLoader: File version 1.4.0", source: file:///C:/Program%20Files/AnyLogic%208.9%20Personal%20Learning%20Edition/plugins/com.anylogic.graphics3d_8.9.1.202408021042/static/libs/ColladaLoader.js (3660)
[1012/121625.085:INFO:CONSOLE(255)] "Loaded: file:C:/Users/3BE3DA/studies/7_sem/IMKSP/prak_7/3d/opencar.dae", source: file:///C:/Program%20Files/AnyLogic%208.9%20Personal%20Learning%20Edition/plugins/com.anylogic.graphics3d_8.9.1.202408021042/static/init.js (255)
[1012/121625.085:INFO:CONSOLE(271)] "load end: file:C:/Users/3BE3DA/studies/7_sem/IMKSP/prak_7/3d/opencar.dae", source: file:///C:/Program%20Files/AnyLogic%208.9%20Personal%20Learning%20Edition/plugins/com.anylogic.graphics3d_8.9.1.202408021042/static/init.js (271)
[1012/121625.097:INFO:CONSOLE(19709)] "THREE.WebGLRenderer: image is not power of two (411x220). Resized to 256x128 [object HTMLImageElement]", source: file:///C:/Program%20Files/AnyLogic%208.9%20Personal%20Learning%20Edition/plugins/com.anylogic.graphics3d_8.9.1.202408021042/static/build/three.js (19709)
[1012/121625.146:INFO:CONSOLE(3660)] "THREE.ColladaLoader: File version 1.4.0", source: file:///C:/Program%20Files/AnyLogic%208.9%20Personal%20Learning%20Edition/plugins/com.anylogic.graphics3d_8.9.1.202408021042/static/libs/ColladaLoader.js (3660)
[1012/121625.153:INFO:CONSOLE(255)] "Loaded: file:C:/Users/3BE3DA/studies/7_sem/IMKSP/prak_7/3d/gondolacar.dae", source: file:///C:/Program%20Files/AnyLogic%208.9%20Personal%20Learning%20Edition/plugins/com.anylogic.graphics3d_8.9.1.202408021042/static/init.js (255)
[1012/121625.154:INFO:CONSOLE(271)] "load end: file:C:/Users/3BE3DA/studies/7_sem/IMKSP/prak_7/3d/gondolacar.dae", source: file:///C:/Program%20Files/AnyLogic%208.9%20Personal%20Learning%20Edition/plugins/com.anylogic.graphics3d_8.9.1.202408021042/static/init.js (271)
[1012/121625.166:INFO:CONSOLE(19709)] "THREE.WebGLRenderer: image is not power of two (427x31). Resized to 256x16 [object HTMLImageElement]", source: file:///C:/Program%20Files/AnyLogic%208.9%20Personal%20Learning%20Edition/plugins/com.anylogic.graphics3d_8.9.1.202408021042/static/build/three.js (19709)
[1012/121625.245:INFO:CONSOLE(3660)] "THREE.ColladaLoader: File version 1.4.0", source: file:///C:/Program%20Files/AnyLogic%208.9%20Personal%20Learning%20Edition/plugins/com.anylogic.graphics3d_8.9.1.202408021042/static/libs/ColladaLoader.js (3660)
[1012/121625.256:INFO:CONSOLE(255)] "Loaded: file:C:/Users/3BE3DA/studies/7_sem/IMKSP/prak_7/3d/tankcar.dae", source: file:///C:/Program%20Files/AnyLogic%208.9%20Personal%20Learning%20Edition/plugins/com.anylogic.graphics3d_8.9.1.202408021042/static/init.js (255)
[1012/121625.256:INFO:CONSOLE(271)] "load end: file:C:/Users/3BE3DA/studies/7_sem/IMKSP/prak_7/3d/tankcar.dae", source: file:///C:/Program%20Files/AnyLogic%208.9%20Personal%20Learning%20Edition/plugins/com.anylogic.graphics3d_8.9.1.202408021042/static/init.js (271)
[1012/121625.281:INFO:CONSOLE(19709)] "THREE.WebGLRenderer: image is not power of two (411x220). Resized to 256x128 [object HTMLImageElement]", source: file:///C:/Program%20Files/AnyLogic%208.9%20Personal%20Learning%20Edition/plugins/com.anylogic.graphics3d_8.9.1.202408021042/static/build/three.js (19709)
[1012/121625.329:INFO:CONSOLE(3660)] "THREE.ColladaLoader: File version 1.4.0", source: file:///C:/Program%20Files/AnyLogic%208.9%20Personal%20Learning%20Edition/plugins/com.anylogic.graphics3d_8.9.1.202408021042/static/libs/ColladaLoader.js (3660)
[1012/121625.338:INFO:CONSOLE(255)] "Loaded: file:C:/Users/3BE3DA/studies/7_sem/IMKSP/prak_7/3d/hoppercar.dae", source: file:///C:/Program%20Files/AnyLogic%208.9%20Personal%20Learning%20Edition/plugins/com.anylogic.graphics3d_8.9.1.202408021042/static/init.js (255)
[1012/121625.339:INFO:CONSOLE(271)] "load end: file:C:/Users/3BE3DA/studies/7_sem/IMKSP/prak_7/3d/hoppercar.dae", source: file:///C:/Program%20Files/AnyLogic%208.9%20Personal%20Learning%20Edition/plugins/com.anylogic.graphics3d_8.9.1.202408021042/static/init.js (271)
[1012/121625.350:INFO:CONSOLE(19709)] "THREE.WebGLRenderer: image is not power of two (411x220). Resized to 256x128 [object HTMLImageElement]", source: file:///C:/Program%20Files/AnyLogic%208.9%20Personal%20Learning%20Edition/plugins/com.anylogic.graphics3d_8.9.1.202408021042/static/build/three.js (19709)
[1012/121653.578:ERROR:gpu_init.cc(523)] Passthrough is not supported, GL is disabled, ANGLE is 
[1012/121843.632:INFO:CONSOLE(21172)] "THREE.WebGLRenderer 92", source: file:///C:/Program%20Files/AnyLogic%208.9%20Personal%20Learning%20Edition/plugins/com.anylogic.graphics3d_8.9.1.202408021042/static/build/three.js (21172)
[1012/121844.412:INFO:CONSOLE(3660)] "THREE.ColladaLoader: File version 1.4.0", source: file:///C:/Program%20Files/AnyLogic%208.9%20Personal%20Learning%20Edition/plugins/com.anylogic.graphics3d_8.9.1.202408021042/static/libs/ColladaLoader.js (3660)
[1012/121844.446:INFO:CONSOLE(255)] "Loaded: file:C:/Users/3BE3DA/studies/7_sem/IMKSP/prak_6/Airport/3d/table.dae", source: file:///C:/Program%20Files/AnyLogic%208.9%20Personal%20Learning%20Edition/plugins/com.anylogic.graphics3d_8.9.1.202408021042/static/init.js (255)
[1012/121844.446:INFO:CONSOLE(271)] "load end: file:C:/Users/3BE3DA/studies/7_sem/IMKSP/prak_6/Airport/3d/table.dae", source: file:///C:/Program%20Files/AnyLogic%208.9%20Personal%20Learning%20Edition/plugins/com.anylogic.graphics3d_8.9.1.202408021042/static/init.js (271)
[1012/121844.601:INFO:CONSOLE(3660)] "THREE.ColladaLoader: File version 1.4.0", source: file:///C:/Program%20Files/AnyLogic%208.9%20Personal%20Learning%20Edition/plugins/com.anylogic.graphics3d_8.9.1.202408021042/static/libs/ColladaLoader.js (3660)
[1012/121844.609:INFO:CONSOLE(255)] "Loaded: file:C:/Users/3BE3DA/studies/7_sem/IMKSP/prak_6/Airport/3d/detector.dae", source: file:///C:/Program%20Files/AnyLogic%208.9%20Personal%20Learning%20Edition/plugins/com.anylogic.graphics3d_8.9.1.202408021042/static/init.js (255)
[1012/121844.609:INFO:CONSOLE(271)] "load end: file:C:/Users/3BE3DA/studies/7_sem/IMKSP/prak_6/Airport/3d/detector.dae", source: file:///C:/Program%20Files/AnyLogic%208.9%20Personal%20Learning%20Edition/plugins/com.anylogic.graphics3d_8.9.1.202408021042/static/init.js (271)
[1012/121844.637:INFO:CONSOLE(3660)] "THREE.ColladaLoader: File version 1.4.0", source: file:///C:/Program%20Files/AnyLogic%208.9%20Personal%20Learning%20Edition/plugins/com.anylogic.graphics3d_8.9.1.202408021042/static/libs/ColladaLoader.js (3660)
[1012/121844.637:INFO:CONSOLE(255)] "Loaded: file:C:/Users/3BE3DA/studies/7_sem/IMKSP/prak_6/Airport/3d/xray.dae", source: file:///C:/Program%20Files/AnyLogic%208.9%20Personal%20Learning%20Edition/plugins/com.anylogic.graphics3d_8.9.1.202408021042/static/init.js (255)
[1012/121844.637:INFO:CONSOLE(271)] "load end: file:C:/Users/3BE3DA/studies/7_sem/IMKSP/prak_6/Airport/3d/xray.dae", source: file:///C:/Program%20Files/AnyLogic%208.9%20Personal%20Learning%20Edition/plugins/com.anylogic.graphics3d_8.9.1.202408021042/static/init.js (271)
[1012/121844.693:INFO:CONSOLE(19709)] "THREE.WebGLRenderer: image is not power of two (400x400). Resized to 256x256 [object HTMLImageElement]", source: file:///C:/Program%20Files/AnyLogic%208.9%20Personal%20Learning%20Edition/plugins/com.anylogic.graphics3d_8.9.1.202408021042/static/build/three.js (19709)
[1012/122135.030:INFO:CONSOLE(21172)] "THREE.WebGLRenderer 92", source: file:///C:/Program%20Files/AnyLogic%208.9%20Personal%20Learning%20Edition/plugins/com.anylogic.graphics3d_8.9.1.202408021042/static/build/three.js (21172)
[1012/122135.797:INFO:CONSOLE(3660)] "THREE.ColladaLoader: File version 1.4.0", source: file:///C:/Program%20Files/AnyLogic%208.9%20Personal%20Learning%20Edition/plugins/com.anylogic.graphics3d_8.9.1.202408021042/static/libs/ColladaLoader.js (3660)
[1012/122135.844:INFO:CONSOLE(255)] "Loaded: file:C:/Users/3BE3DA/studies/7_sem/IMKSP/prak_6/Airport/3d/table.dae", source: file:///C:/Program%20Files/AnyLogic%208.9%20Personal%20Learning%20Edition/plugins/com.anylogic.graphics3d_8.9.1.202408021042/static/init.js (255)
[1012/122135.844:INFO:CONSOLE(271)] "load end: file:C:/Users/3BE3DA/studies/7_sem/IMKSP/prak_6/Airport/3d/table.dae", source: file:///C:/Program%20Files/AnyLogic%208.9%20Personal%20Learning%20Edition/plugins/com.anylogic.graphics3d_8.9.1.202408021042/static/init.js (271)
[1012/122136.020:INFO:CONSOLE(3660)] "THREE.ColladaLoader: File version 1.4.0", source: file:///C:/Program%20Files/AnyLogic%208.9%20Personal%20Learning%20Edition/plugins/com.anylogic.graphics3d_8.9.1.202408021042/static/libs/ColladaLoader.js (3660)
[1012/122136.028:INFO:CONSOLE(255)] "Loaded: file:C:/Users/3BE3DA/studies/7_sem/IMKSP/prak_6/Airport/3d/detector.dae", source: file:///C:/Program%20Files/AnyLogic%208.9%20Personal%20Learning%20Edition/plugins/com.anylogic.graphics3d_8.9.1.202408021042/static/init.js (255)
[1012/122136.028:INFO:CONSOLE(271)] "load end: file:C:/Users/3BE3DA/studies/7_sem/IMKSP/prak_6/Airport/3d/detector.dae", source: file:///C:/Program%20Files/AnyLogic%208.9%20Personal%20Learning%20Edition/plugins/com.anylogic.graphics3d_8.9.1.202408021042/static/init.js (271)
[1012/122136.060:INFO:CONSOLE(3660)] "THREE.ColladaLoader: File version 1.4.0", source: file:///C:/Program%20Files/AnyLogic%208.9%20Personal%20Learning%20Edition/plugins/com.anylogic.graphics3d_8.9.1.202408021042/static/libs/ColladaLoader.js (3660)
[1012/122136.068:INFO:CONSOLE(255)] "Loaded: file:C:/Users/3BE3DA/studies/7_sem/IMKSP/prak_6/Airport/3d/xray.dae", source: file:///C:/Program%20Files/AnyLogic%208.9%20Personal%20Learning%20Edition/plugins/com.anylogic.graphics3d_8.9.1.202408021042/static/init.js (255)
[1012/122136.068:INFO:CONSOLE(271)] "load end: file:C:/Users/3BE3DA/studies/7_sem/IMKSP/prak_6/Airport/3d/xray.dae", source: file:///C:/Program%20Files/AnyLogic%208.9%20Personal%20Learning%20Edition/plugins/com.anylogic.graphics3d_8.9.1.202408021042/static/init.js (271)
[1012/122136.124:INFO:CONSOLE(19709)] "THREE.WebGLRenderer: image is not power of two (400x400). Resized to 256x256 [object HTMLImageElement]", source: file:///C:/Program%20Files/AnyLogic%208.9%20Personal%20Learning%20Edition/plugins/com.anylogic.graphics3d_8.9.1.202408021042/static/build/three.js (19709)
[1012/122333.322:ERROR:gpu_init.cc(523)] Passthrough is not supported, GL is disabled, ANGLE is 
[1012/123821.982:INFO:CONSOLE(21172)] "THREE.WebGLRenderer 92", source: file:///C:/Program%20Files/AnyLogic%208.9%20Personal%20Learning%20Edition/plugins/com.anylogic.graphics3d_8.9.1.202408021042/static/build/three.js (21172)
[1012/123822.749:INFO:CONSOLE(3660)] "THREE.ColladaLoader: File version 1.4.0", source: file:///C:/Program%20Files/AnyLogic%208.9%20Personal%20Learning%20Edition/plugins/com.anylogic.graphics3d_8.9.1.202408021042/static/libs/ColladaLoader.js (3660)
[1012/123822.780:INFO:CONSOLE(255)] "Loaded: file:C:/Users/3BE3DA/studies/7_sem/IMKSP/prak_7/3d/locomotive.dae", source: file:///C:/Program%20Files/AnyLogic%208.9%20Personal%20Learning%20Edition/plugins/com.anylogic.graphics3d_8.9.1.202408021042/static/init.js (255)
[1012/123822.780:INFO:CONSOLE(271)] "load end: file:C:/Users/3BE3DA/studies/7_sem/IMKSP/prak_7/3d/locomotive.dae", source: file:///C:/Program%20Files/AnyLogic%208.9%20Personal%20Learning%20Edition/plugins/com.anylogic.graphics3d_8.9.1.202408021042/static/init.js (271)
[1012/123822.871:INFO:CONSOLE(19709)] "THREE.WebGLRenderer: image is not power of two (411x220). Resized to 256x128 [object HTMLImageElement]", source: file:///C:/Program%20Files/AnyLogic%208.9%20Personal%20Learning%20Edition/plugins/com.anylogic.graphics3d_8.9.1.202408021042/static/build/three.js (19709)
[1012/123823.059:INFO:CONSOLE(3660)] "THREE.ColladaLoader: File version 1.4.0", source: file:///C:/Program%20Files/AnyLogic%208.9%20Personal%20Learning%20Edition/plugins/com.anylogic.graphics3d_8.9.1.202408021042/static/libs/ColladaLoader.js (3660)
[1012/123823.070:INFO:CONSOLE(255)] "Loaded: file:C:/Users/3BE3DA/studies/7_sem/IMKSP/prak_7/3d/boxcar.dae", source: file:///C:/Program%20Files/AnyLogic%208.9%20Personal%20Learning%20Edition/plugins/com.anylogic.graphics3d_8.9.1.202408021042/static/init.js (255)
[1012/123823.073:INFO:CONSOLE(271)] "load end: file:C:/Users/3BE3DA/studies/7_sem/IMKSP/prak_7/3d/boxcar.dae", source: file:///C:/Program%20Files/AnyLogic%208.9%20Personal%20Learning%20Edition/plugins/com.anylogic.graphics3d_8.9.1.202408021042/static/init.js (271)
[1012/123823.092:INFO:CONSOLE(19709)] "THREE.WebGLRenderer: image is not power of two (424x131). Resized to 256x128 [object HTMLImageElement]", source: file:///C:/Program%20Files/AnyLogic%208.9%20Personal%20Learning%20Edition/plugins/com.anylogic.graphics3d_8.9.1.202408021042/static/build/three.js (19709)
[1012/123823.129:INFO:CONSOLE(3660)] "THREE.ColladaLoader: File version 1.4.0", source: file:///C:/Program%20Files/AnyLogic%208.9%20Personal%20Learning%20Edition/plugins/com.anylogic.graphics3d_8.9.1.202408021042/static/libs/ColladaLoader.js (3660)
[1012/123823.137:INFO:CONSOLE(255)] "Loaded: file:C:/Users/3BE3DA/studies/7_sem/IMKSP/prak_7/3d/opencar.dae", source: file:///C:/Program%20Files/AnyLogic%208.9%20Personal%20Learning%20Edition/plugins/com.anylogic.graphics3d_8.9.1.202408021042/static/init.js (255)
[1012/123823.137:INFO:CONSOLE(271)] "load end: file:C:/Users/3BE3DA/studies/7_sem/IMKSP/prak_7/3d/opencar.dae", source: file:///C:/Program%20Files/AnyLogic%208.9%20Personal%20Learning%20Edition/plugins/com.anylogic.graphics3d_8.9.1.202408021042/static/init.js (271)
[1012/123823.153:INFO:CONSOLE(19709)] "THREE.WebGLRenderer: image is not power of two (411x220). Resized to 256x128 [object HTMLImageElement]", source: file:///C:/Program%20Files/AnyLogic%208.9%20Personal%20Learning%20Edition/plugins/com.anylogic.graphics3d_8.9.1.202408021042/static/build/three.js (19709)
[1012/123823.196:INFO:CONSOLE(3660)] "THREE.ColladaLoader: File version 1.4.0", source: file:///C:/Program%20Files/AnyLogic%208.9%20Personal%20Learning%20Edition/plugins/com.anylogic.graphics3d_8.9.1.202408021042/static/libs/ColladaLoader.js (3660)
[1012/123823.201:INFO:CONSOLE(255)] "Loaded: file:C:/Users/3BE3DA/studies/7_sem/IMKSP/prak_7/3d/gondolacar.dae", source: file:///C:/Program%20Files/AnyLogic%208.9%20Personal%20Learning%20Edition/plugins/com.anylogic.graphics3d_8.9.1.202408021042/static/init.js (255)
[1012/123823.201:INFO:CONSOLE(271)] "load end: file:C:/Users/3BE3DA/studies/7_sem/IMKSP/prak_7/3d/gondolacar.dae", source: file:///C:/Program%20Files/AnyLogic%208.9%20Personal%20Learning%20Edition/plugins/com.anylogic.graphics3d_8.9.1.202408021042/static/init.js (271)
[1012/123823.213:INFO:CONSOLE(19709)] "THREE.WebGLRenderer: image is not power of two (427x31). Resized to 256x16 [object HTMLImageElement]", source: file:///C:/Program%20Files/AnyLogic%208.9%20Personal%20Learning%20Edition/plugins/com.anylogic.graphics3d_8.9.1.202408021042/static/build/three.js (19709)
[1012/123823.250:INFO:CONSOLE(3660)] "THREE.ColladaLoader: File version 1.4.0", source: file:///C:/Program%20Files/AnyLogic%208.9%20Personal%20Learning%20Edition/plugins/com.anylogic.graphics3d_8.9.1.202408021042/static/libs/ColladaLoader.js (3660)
[1012/123823.256:INFO:CONSOLE(255)] "Loaded: file:C:/Users/3BE3DA/studies/7_sem/IMKSP/prak_7/3d/tankcar.dae", source: file:///C:/Program%20Files/AnyLogic%208.9%20Personal%20Learning%20Edition/plugins/com.anylogic.graphics3d_8.9.1.202408021042/static/init.js (255)
[1012/123823.256:INFO:CONSOLE(271)] "load end: file:C:/Users/3BE3DA/studies/7_sem/IMKSP/prak_7/3d/tankcar.dae", source: file:///C:/Program%20Files/AnyLogic%208.9%20Personal%20Learning%20Edition/plugins/com.anylogic.graphics3d_8.9.1.202408021042/static/init.js (271)
[1012/123823.268:INFO:CONSOLE(19709)] "THREE.WebGLRenderer: image is not power of two (411x220). Resized to 256x128 [object HTMLImageElement]", source: file:///C:/Program%20Files/AnyLogic%208.9%20Personal%20Learning%20Edition/plugins/com.anylogic.graphics3d_8.9.1.202408021042/static/build/three.js (19709)
[1012/123823.307:INFO:CONSOLE(3660)] "THREE.ColladaLoader: File version 1.4.0", source: file:///C:/Program%20Files/AnyLogic%208.9%20Personal%20Learning%20Edition/plugins/com.anylogic.graphics3d_8.9.1.202408021042/static/libs/ColladaLoader.js (3660)
[1012/123823.313:INFO:CONSOLE(255)] "Loaded: file:C:/Users/3BE3DA/studies/7_sem/IMKSP/prak_7/3d/hoppercar.dae", source: file:///C:/Program%20Files/AnyLogic%208.9%20Personal%20Learning%20Edition/plugins/com.anylogic.graphics3d_8.9.1.202408021042/static/init.js (255)
[1012/123823.313:INFO:CONSOLE(271)] "load end: file:C:/Users/3BE3DA/studies/7_sem/IMKSP/prak_7/3d/hoppercar.dae", source: file:///C:/Program%20Files/AnyLogic%208.9%20Personal%20Learning%20Edition/plugins/com.anylogic.graphics3d_8.9.1.202408021042/static/init.js (271)
[1012/123823.325:INFO:CONSOLE(19709)] "THREE.WebGLRenderer: image is not power of two (411x220). Resized to 256x128 [object HTMLImageElement]", source: file:///C:/Program%20Files/AnyLogic%208.9%20Personal%20Learning%20Edition/plugins/com.anylogic.graphics3d_8.9.1.202408021042/static/build/three.js (19709)
[1012/124020.328:ERROR:gpu_init.cc(523)] Passthrough is not supported, GL is disabled, ANGLE is 
[1012/124553.950:INFO:CONSOLE(3660)] "THREE.ColladaLoader: File version 1.4.0", source: file:///C:/Program%20Files/AnyLogic%208.9%20Personal%20Learning%20Edition/plugins/com.anylogic.graphics3d_8.9.1.202408021042/static/libs/ColladaLoader.js (3660)
[1012/124553.978:INFO:CONSOLE(255)] "Loaded: file:C:/Users/3BE3DA/studies/7_sem/IMKSP/prak_6/Airport/3d/person.dae", source: file:///C:/Program%20Files/AnyLogic%208.9%20Personal%20Learning%20Edition/plugins/com.anylogic.graphics3d_8.9.1.202408021042/static/init.js (255)
[1012/124553.979:INFO:CONSOLE(271)] "load end: file:C:/Users/3BE3DA/studies/7_sem/IMKSP/prak_6/Airport/3d/person.dae", source: file:///C:/Program%20Files/AnyLogic%208.9%20Personal%20Learning%20Edition/plugins/com.anylogic.graphics3d_8.9.1.202408021042/static/init.js (271)
[1012/124816.404:INFO:CONSOLE(3660)] "THREE.ColladaLoader: File version 1.4.0", source: file:///C:/Program%20Files/AnyLogic%208.9%20Personal%20Learning%20Edition/plugins/com.anylogic.graphics3d_8.9.1.202408021042/static/libs/ColladaLoader.js (3660)
[1012/124816.404:INFO:CONSOLE(255)] "Loaded: file:C:/Users/3BE3DA/studies/7_sem/IMKSP/prak_6/Airport/3d/xray.dae", source: file:///C:/Program%20Files/AnyLogic%208.9%20Personal%20Learning%20Edition/plugins/com.anylogic.graphics3d_8.9.1.202408021042/static/init.js (255)
[1012/124816.404:INFO:CONSOLE(271)] "load end: file:C:/Users/3BE3DA/studies/7_sem/IMKSP/prak_6/Airport/3d/xray.dae", source: file:///C:/Program%20Files/AnyLogic%208.9%20Personal%20Learning%20Edition/plugins/com.anylogic.graphics3d_8.9.1.202408021042/static/init.js (271)
[1012/124816.435:INFO:CONSOLE(19709)] "THREE.WebGLRenderer: image is not power of two (400x400). Resized to 256x256 [object HTMLImageElement]", source: file:///C:/Program%20Files/AnyLogic%208.9%20Personal%20Learning%20Edition/plugins/com.anylogic.graphics3d_8.9.1.202408021042/static/build/three.js (19709)
